   Prophet      Mon Mar  2 13:23:56 1992
   Arkangel     Mon Mar  2 13:39:56 1992
   Odin         Fri Feb 28 14:43:48 1992
   Zenith       Wed Feb 26 21:24:19 1992
   Sinjy        Mon Mar  2 12:06:43 1992
   Dave         Tue Feb 11 17:20:09 1992
   Pete         Mon Mar  2 12:03:29 1992
   BlackRider   Mon Mar  2 13:36:05 1992
   Palin        Tue Feb  4 12:43:37 1992
   Hussey       Fri Feb 28 13:23:44 1992
   Garfield     Mon Mar  2 13:20:32 1992
   SpaceFace    Tue Feb 11 15:52:44 1992
   Rocket       Thu Feb 27 07:49:35 1992
   SSRat        Mon Mar  2 13:14:18 1992
   Wrath        Mon Mar  2 11:51:09 1992
   Pugwash      Mon Mar  2 13:24:03 1992
   Bill         Tue Feb 25 10:11:41 1992
   Ogre         Thu Feb 20 18:51:12 1992
   Chopper      Tue Oct 22 10:05:23 1991
   Grobendonk   Fri Oct 18 13:16:46 1991
   Teenwolf     Wed Feb 26 13:59:39 1992
   David        Sun Nov  3 01:29:40 1991
   Nemmey       Fri Feb 28 14:39:33 1992
   Maverick     Mon Mar  2 13:27:23 1992
   Schneaky     Fri Feb 28 16:44:25 1992
   Zorro        Fri Feb 28 15:58:10 1992
   Droid        Thu Nov 14 17:53:10 1991
   Hirsty       Fri Nov 29 15:18:52 1991
   Salabos      Thu Feb 13 17:59:34 1992
   Bong         Mon Mar  2 11:34:54 1992
   Kenner       Tue Feb  4 13:00:37 1992
   Mamba        Tue Nov 26 12:37:18 1991
   George       Wed Jan 22 11:13:40 1992
   Mr_Black     Wed Dec 11 19:19:33 1991
   Shaska       Mon Mar  2 12:49:44 1992
   Chris        Sat Jan 25 15:23:54 1992
   Sheriff_FM   Mon Mar  2 12:48:32 1992
   Scooby       Wed Jan 22 11:12:59 1992
   Was          Tue Feb 25 15:26:47 1992
   Zaphod       Mon Mar  2 13:24:51 1992
   Jay          Mon Mar  2 13:24:19 1992
   Icarus       Mon Mar  2 11:07:12 1992
   Jaffacake    Fri Feb 28 11:47:23 1992
   Sweeny       Thu Feb 20 14:59:15 1992
   Flaim        Fri Feb 28 15:51:06 1992
   Snoopy       Mon Mar  2 13:24:54 1992
   Phantom      Mon Mar  2 13:28:45 1992
   Gobby        Mon Mar  2 12:45:05 1992
   Interface    Tue Feb 11 18:31:19 1992
   Bob          Thu Feb 27 12:44:06 1992
   Monster      Mon Mar  2 12:38:56 1992
   Hexpert      Wed Feb 26 11:48:24 1992
   Unknown      Fri Feb 14 11:20:47 1992
   Shaggy       Mon Feb 24 13:55:02 1992
   Count        Thu Feb  6 14:47:30 1992
   Dreddy       Mon Mar  2 13:23:56 1992
   Yogi         Fri Feb 28 12:43:05 1992
   Diable       Tue Feb 25 10:58:51 1992
   Indy         Mon Mar  2 12:10:47 1992
   Hamster      Wed Feb 19 09:01:34 1992
   Honey        Tue Feb 11 15:39:53 1992
   Gaspode      Mon Mar  2 13:25:29 1992
   Ducky        Fri Feb 21 11:04:22 1992
   Meeker       Thu Feb 27 10:49:46 1992
   Facintosh    Mon Mar  2 12:58:20 1992
   Ethelred     Mon Mar  2 13:30:17 1992
   Terminator   Fri Feb 21 09:36:10 1992
   Billy        Mon Mar  2 13:24:41 1992
   Andy         Tue Feb 11 18:47:02 1992
   Phoenix      Mon Mar  2 12:55:53 1992
   Mr.E         Mon Feb 17 18:11:09 1992
   GrimReaper   Wed Feb 26 17:17:07 1992
   Cage         Tue Feb 25 03:11:01 1992
   HardDrive    Mon Mar  2 13:38:08 1992
   Malone       Mon Mar  2 11:36:39 1992
   Johndo       Tue Feb 18 21:30:16 1992
   Eldritch     Mon Mar  2 10:34:39 1992
   Rincewind    Fri Feb 14 11:57:30 1992
   MarkyMark    Mon Feb 17 15:50:30 1992
   Slick        Tue Feb 18 12:57:21 1992
   Villeneuve   Tue Feb 18 11:55:50 1992
   Splodge      Mon Mar  2 11:10:31 1992
   Jobby        Mon Mar  2 13:16:00 1992
   Rob          Fri Feb 28 12:04:49 1992
   Goober       Mon Feb 24 11:54:51 1992
   Sharky       Mon Mar  2 11:06:27 1992
   Electro      Sun Mar  1 21:50:58 1992
   Carlos       Wed Feb 19 18:14:20 1992
   Electrix     Thu Feb 20 19:21:30 1992
   Mort         Fri Feb 21 12:53:06 1992
   Beelzebub    Tue Feb 25 17:05:41 1992
   Termy        Mon Mar  2 12:36:06 1992
   Davros       Fri Feb 21 12:53:40 1992
   Baz          Mon Mar  2 10:20:40 1992
   Torq         Mon Feb 24 19:31:38 1992
   Detritus     Mon Mar  2 12:42:32 1992
   Blob         Fri Feb 28 12:38:33 1992
